[31-Aug-2023 09:36:42 UTC] PHP Deprecated:  Return type of Carbon_Fields\Pimple\Container::offsetExists($id) should either be compatible with ArrayAccess::offsetExists(mixed $offset): bool, or the #[\ReturnTypeWillChange] attribute should be used to temporarily suppress the notice in /home/u700441347/domains/divlogic.tech/public_html/wp-content/plugins/preloader-awesome/vendor/htmlburger/carbon-fields/core/Pimple/Container.php on line 128
[31-Aug-2023 09:36:42 UTC] PHP Deprecated:  Return type of Carbon_Fields\Pimple\Container::offsetGet($id) should either be compatible with ArrayAccess::offsetGet(mixed $offset): mixed, or the #[\ReturnTypeWillChange] attribute should be used to temporarily suppress the notice in /home/u700441347/domains/divlogic.tech/public_html/wp-content/plugins/preloader-awesome/vendor/htmlburger/carbon-fields/core/Pimple/Container.php on line 93
[31-Aug-2023 09:36:42 UTC] PHP Deprecated:  Return type of Carbon_Fields\Pimple\Container::offsetSet($id, $value) should either be compatible with ArrayAccess::offsetSet(mixed $offset, mixed $value): void, or the #[\ReturnTypeWillChange] attribute should be used to temporarily suppress the notice in /home/u700441347/domains/divlogic.tech/public_html/wp-content/plugins/preloader-awesome/vendor/htmlburger/carbon-fields/core/Pimple/Container.php on line 74
[31-Aug-2023 09:36:42 UTC] PHP Deprecated:  Return type of Carbon_Fields\Pimple\Container::offsetUnset($id) should either be compatible with ArrayAccess::offsetUnset(mixed $offset): void, or the #[\ReturnTypeWillChange] attribute should be used to temporarily suppress the notice in /home/u700441347/domains/divlogic.tech/public_html/wp-content/plugins/preloader-awesome/vendor/htmlburger/carbon-fields/core/Pimple/Container.php on line 138
[31-Aug-2023 09:36:42 UTC] PHP Deprecated:  Optional parameter $meta_key declared before required parameter $meta_value is implicitly treated as a required parameter in /home/u700441347/domains/divlogic.tech/public_html/wp-content/plugins/codestar-framework/functions/fallback.php on line 31
[31-Aug-2023 09:36:42 UTC] PHP Deprecated:  stripos(): Passing null to parameter #1 ($haystack) of type string is deprecated in /home/u700441347/domains/divlogic.tech/public_html/wp-includes/functions.wp-scripts.php on line 133
[31-Aug-2023 09:36:42 UTC] PHP Fatal error:  Uncaught TypeError: call_user_func_array(): Argument #1 ($callback) must be a valid callback, function "calculator-form" not found or invalid function name in /home/u700441347/domains/divlogic.tech/public_html/wp-includes/class-wp-hook.php:310
Stack trace:
#0 /home/u700441347/domains/divlogic.tech/public_html/wp-includes/class-wp-hook.php(334): WP_Hook->apply_filters()
#1 /home/u700441347/domains/divlogic.tech/public_html/wp-includes/plugin.php(517): WP_Hook->do_action()
#2 /home/u700441347/domains/divlogic.tech/public_html/wp-includes/script-loader.php(2225): do_action()
#3 /home/u700441347/domains/divlogic.tech/public_html/wp-includes/class-wp-hook.php(310): wp_enqueue_scripts()
#4 /home/u700441347/domains/divlogic.tech/public_html/wp-includes/class-wp-hook.php(334): WP_Hook->apply_filters()
#5 /home/u700441347/domains/divlogic.tech/public_html/wp-includes/plugin.php(517): WP_Hook->do_action()
#6 /home/u700441347/domains/divlogic.tech/public_html/wp-includes/general-template.php(3053): do_action()
#7 /home/u700441347/domains/divlogic.tech/public_html/wp-content/plugins/elementor/modules/page-templates/templates/canvas.php(19): wp_head()
#8 /home/u700441347/domains/divlogic.tech/public_html/wp-includes/template-loader.php(106): include('/home/u70044134...')
#9 /home/u700441347/domains/divlogic.tech/public_html/wp-blog-header.php(19): require_once('/home/u70044134...')
#10 /home/u700441347/domains/divlogic.tech/public_html/index.php(17): require('/home/u70044134...')
#11 {main}
  thrown in /home/u700441347/domains/divlogic.tech/public_html/wp-includes/class-wp-hook.php on line 310
[31-Aug-2023 09:36:42 UTC] PHP Deprecated:  Return type of Carbon_Fields\Pimple\Container::offsetExists($id) should either be compatible with ArrayAccess::offsetExists(mixed $offset): bool, or the #[\ReturnTypeWillChange] attribute should be used to temporarily suppress the notice in /home/u700441347/domains/divlogic.tech/public_html/wp-content/plugins/preloader-awesome/vendor/htmlburger/carbon-fields/core/Pimple/Container.php on line 128
[31-Aug-2023 09:36:42 UTC] PHP Deprecated:  Return type of Carbon_Fields\Pimple\Container::offsetGet($id) should either be compatible with ArrayAccess::offsetGet(mixed $offset): mixed, or the #[\ReturnTypeWillChange] attribute should be used to temporarily suppress the notice in /home/u700441347/domains/divlogic.tech/public_html/wp-content/plugins/preloader-awesome/vendor/htmlburger/carbon-fields/core/Pimple/Container.php on line 93
[31-Aug-2023 09:36:42 UTC] PHP Deprecated:  Return type of Carbon_Fields\Pimple\Container::offsetSet($id, $value) should either be compatible with ArrayAccess::offsetSet(mixed $offset, mixed $value): void, or the #[\ReturnTypeWillChange] attribute should be used to temporarily suppress the notice in /home/u700441347/domains/divlogic.tech/public_html/wp-content/plugins/preloader-awesome/vendor/htmlburger/carbon-fields/core/Pimple/Container.php on line 74
[31-Aug-2023 09:36:42 UTC] PHP Deprecated:  Return type of Carbon_Fields\Pimple\Container::offsetUnset($id) should either be compatible with ArrayAccess::offsetUnset(mixed $offset): void, or the #[\ReturnTypeWillChange] attribute should be used to temporarily suppress the notice in /home/u700441347/domains/divlogic.tech/public_html/wp-content/plugins/preloader-awesome/vendor/htmlburger/carbon-fields/core/Pimple/Container.php on line 138
[31-Aug-2023 09:36:42 UTC] PHP Deprecated:  Optional parameter $meta_key declared before required parameter $meta_value is implicitly treated as a required parameter in /home/u700441347/domains/divlogic.tech/public_html/wp-content/plugins/codestar-framework/functions/fallback.php on line 31
[31-Aug-2023 09:37:13 UTC] PHP Deprecated:  Optional parameter $meta_key declared before required parameter $meta_value is implicitly treated as a required parameter in /home/u700441347/domains/divlogic.tech/public_html/wp-content/plugins/codestar-framework/functions/fallback.php on line 31
[31-Aug-2023 09:37:13 UTC] PHP Deprecated:  stripos(): Passing null to parameter #1 ($haystack) of type string is deprecated in /home/u700441347/domains/divlogic.tech/public_html/wp-includes/functions.wp-scripts.php on line 133
[31-Aug-2023 09:37:13 UTC] PHP Fatal error:  Uncaught TypeError: call_user_func_array(): Argument #1 ($callback) must be a valid callback, function "calculator-form" not found or invalid function name in /home/u700441347/domains/divlogic.tech/public_html/wp-includes/class-wp-hook.php:310
Stack trace:
#0 /home/u700441347/domains/divlogic.tech/public_html/wp-includes/class-wp-hook.php(334): WP_Hook->apply_filters()
#1 /home/u700441347/domains/divlogic.tech/public_html/wp-includes/plugin.php(517): WP_Hook->do_action()
#2 /home/u700441347/domains/divlogic.tech/public_html/wp-includes/script-loader.php(2225): do_action()
#3 /home/u700441347/domains/divlogic.tech/public_html/wp-includes/class-wp-hook.php(310): wp_enqueue_scripts()
#4 /home/u700441347/domains/divlogic.tech/public_html/wp-includes/class-wp-hook.php(334): WP_Hook->apply_filters()
#5 /home/u700441347/domains/divlogic.tech/public_html/wp-includes/plugin.php(517): WP_Hook->do_action()
#6 /home/u700441347/domains/divlogic.tech/public_html/wp-includes/general-template.php(3053): do_action()
#7 /home/u700441347/domains/divlogic.tech/public_html/wp-content/plugins/elementor/modules/page-templates/templates/canvas.php(19): wp_head()
#8 /home/u700441347/domains/divlogic.tech/public_html/wp-includes/template-loader.php(106): include('/home/u70044134...')
#9 /home/u700441347/domains/divlogic.tech/public_html/wp-blog-header.php(19): require_once('/home/u70044134...')
#10 /home/u700441347/domains/divlogic.tech/public_html/index.php(17): require('/home/u70044134...')
#11 {main}
  thrown in /home/u700441347/domains/divlogic.tech/public_html/wp-includes/class-wp-hook.php on line 310
[31-Aug-2023 09:37:14 UTC] PHP Deprecated:  Optional parameter $meta_key declared before required parameter $meta_value is implicitly treated as a required parameter in /home/u700441347/domains/divlogic.tech/public_html/wp-content/plugins/codestar-framework/functions/fallback.php on line 31
[31-Aug-2023 09:37:24 UTC] PHP Fatal error:  Uncaught TypeError: call_user_func_array(): Argument #1 ($callback) must be a valid callback, function "calculator-form" not found or invalid function name in /home/u700441347/domains/divlogic.tech/public_html/wp-includes/class-wp-hook.php:310
Stack trace:
#0 /home/u700441347/domains/divlogic.tech/public_html/wp-includes/class-wp-hook.php(334): WP_Hook->apply_filters()
#1 /home/u700441347/domains/divlogic.tech/public_html/wp-includes/plugin.php(517): WP_Hook->do_action()
#2 /home/u700441347/domains/divlogic.tech/public_html/wp-includes/script-loader.php(2225): do_action()
#3 /home/u700441347/domains/divlogic.tech/public_html/wp-includes/class-wp-hook.php(310): wp_enqueue_scripts()
#4 /home/u700441347/domains/divlogic.tech/public_html/wp-includes/class-wp-hook.php(334): WP_Hook->apply_filters()
#5 /home/u700441347/domains/divlogic.tech/public_html/wp-includes/plugin.php(517): WP_Hook->do_action()
#6 /home/u700441347/domains/divlogic.tech/public_html/wp-includes/general-template.php(3053): do_action()
#7 /home/u700441347/domains/divlogic.tech/public_html/wp-content/plugins/elementor/modules/page-templates/templates/canvas.php(19): wp_head()
#8 /home/u700441347/domains/divlogic.tech/public_html/wp-includes/template-loader.php(106): include('/home/u70044134...')
#9 /home/u700441347/domains/divlogic.tech/public_html/wp-blog-header.php(19): require_once('/home/u70044134...')
#10 /home/u700441347/domains/divlogic.tech/public_html/index.php(17): require('/home/u70044134...')
#11 {main}
  thrown in /home/u700441347/domains/divlogic.tech/public_html/wp-includes/class-wp-hook.php on line 310
[31-Aug-2023 09:37:53 UTC] PHP Deprecated:  Return type of Carbon_Fields\Pimple\Container::offsetExists($id) should either be compatible with ArrayAccess::offsetExists(mixed $offset): bool, or the #[\ReturnTypeWillChange] attribute should be used to temporarily suppress the notice in /home/u700441347/domains/divlogic.tech/public_html/wp-content/plugins/preloader-awesome/vendor/htmlburger/carbon-fields/core/Pimple/Container.php on line 128
[31-Aug-2023 09:37:53 UTC] PHP Deprecated:  Return type of Carbon_Fields\Pimple\Container::offsetGet($id) should either be compatible with ArrayAccess::offsetGet(mixed $offset): mixed, or the #[\ReturnTypeWillChange] attribute should be used to temporarily suppress the notice in /home/u700441347/domains/divlogic.tech/public_html/wp-content/plugins/preloader-awesome/vendor/htmlburger/carbon-fields/core/Pimple/Container.php on line 93
[31-Aug-2023 09:37:53 UTC] PHP Deprecated:  Return type of Carbon_Fields\Pimple\Container::offsetSet($id, $value) should either be compatible with ArrayAccess::offsetSet(mixed $offset, mixed $value): void, or the #[\ReturnTypeWillChange] attribute should be used to temporarily suppress the notice in /home/u700441347/domains/divlogic.tech/public_html/wp-content/plugins/preloader-awesome/vendor/htmlburger/carbon-fields/core/Pimple/Container.php on line 74
[31-Aug-2023 09:37:53 UTC] PHP Deprecated:  Return type of Carbon_Fields\Pimple\Container::offsetUnset($id) should either be compatible with ArrayAccess::offsetUnset(mixed $offset): void, or the #[\ReturnTypeWillChange] attribute should be used to temporarily suppress the notice in /home/u700441347/domains/divlogic.tech/public_html/wp-content/plugins/preloader-awesome/vendor/htmlburger/carbon-fields/core/Pimple/Container.php on line 138
[31-Aug-2023 09:37:53 UTC] PHP Deprecated:  Optional parameter $meta_key declared before required parameter $meta_value is implicitly treated as a required parameter in /home/u700441347/domains/divlogic.tech/public_html/wp-content/plugins/codestar-framework/functions/fallback.php on line 31
[31-Aug-2023 09:37:53 UTC] PHP Deprecated:  stripos(): Passing null to parameter #1 ($haystack) of type string is deprecated in /home/u700441347/domains/divlogic.tech/public_html/wp-includes/functions.wp-scripts.php on line 133
[31-Aug-2023 09:37:53 UTC] PHP Fatal error:  Uncaught TypeError: call_user_func_array(): Argument #1 ($callback) must be a valid callback, function "calculator-form" not found or invalid function name in /home/u700441347/domains/divlogic.tech/public_html/wp-includes/class-wp-hook.php:310
Stack trace:
#0 /home/u700441347/domains/divlogic.tech/public_html/wp-includes/class-wp-hook.php(334): WP_Hook->apply_filters()
#1 /home/u700441347/domains/divlogic.tech/public_html/wp-includes/plugin.php(517): WP_Hook->do_action()
#2 /home/u700441347/domains/divlogic.tech/public_html/wp-includes/script-loader.php(2225): do_action()
#3 /home/u700441347/domains/divlogic.tech/public_html/wp-includes/class-wp-hook.php(310): wp_enqueue_scripts()
#4 /home/u700441347/domains/divlogic.tech/public_html/wp-includes/class-wp-hook.php(334): WP_Hook->apply_filters()
#5 /home/u700441347/domains/divlogic.tech/public_html/wp-includes/plugin.php(517): WP_Hook->do_action()
#6 /home/u700441347/domains/divlogic.tech/public_html/wp-includes/general-template.php(3053): do_action()
#7 /home/u700441347/domains/divlogic.tech/public_html/wp-content/plugins/elementor/modules/page-templates/templates/canvas.php(19): wp_head()
#8 /home/u700441347/domains/divlogic.tech/public_html/wp-includes/template-loader.php(106): include('/home/u70044134...')
#9 /home/u700441347/domains/divlogic.tech/public_html/wp-blog-header.php(19): require_once('/home/u70044134...')
#10 /home/u700441347/domains/divlogic.tech/public_html/index.php(17): require('/home/u70044134...')
#11 {main}
  thrown in /home/u700441347/domains/divlogic.tech/public_html/wp-includes/class-wp-hook.php on line 310
[31-Aug-2023 09:39:06 UTC] PHP Warning:  call_user_func_array() expects parameter 1 to be a valid callback, function 'calculator-form' not found or invalid function name in /home/u700441347/domains/divlogic.tech/public_html/wp-includes/class-wp-hook.php on line 310
